::1 - - [01/Apr/2021:09:22:25 +0000] "GET / HTTP/1.1" 200 47 "-" "Mozilla/5.0 (Windows NT 10.0; Win64; x64) AppleWebKit/537.36 (KHTML, like Gecko) Chrome/89.0.4389.114 Safari/537.36"
::1 - - [01/Apr/2021:09:22:25 +0000] "GET /favicon.ico HTTP/1.1" 404 150 "http://localhost:2021/" "Mozilla/5.0 (Windows NT 10.0; Win64; x64) AppleWebKit/537.36 (KHTML, like Gecko) Chrome/89.0.4389.114 Safari/537.36"
::1 - - [01/Apr/2021:09:23:07 +0000] "GET / HTTP/1.1" 200 47 "-" "PostmanRuntime/7.26.10"
::1 - - [01/Apr/2021:09:24:00 +0000] "GET //api/admin/allavailablevehicles/1 HTTP/1.1" 404 172 "-" "PostmanRuntime/7.26.10"
::1 - - [01/Apr/2021:09:24:10 +0000] "GET /api/admin/allavailablevehicles/1 HTTP/1.1" 401 12 "-" "PostmanRuntime/7.26.10"
::1 - - [01/Apr/2021:09:24:47 +0000] "GET /api/customers/searchvehicles/allavailablevehicles/ HTTP/1.1" 404 189 "-" "PostmanRuntime/7.26.10"
::1 - - [01/Apr/2021:09:24:51 +0000] "GET /api/customers/searchvehicles/allavailablevehicles/1 HTTP/1.1" 200 25 "-" "PostmanRuntime/7.26.10"
::1 - - [01/Apr/2021:09:25:55 +0000] "GET /api/customers/vehicleacceptedtilldate/ HTTP/1.1" 404 177 "-" "PostmanRuntime/7.26.10"
::1 - - [01/Apr/2021:09:25:57 +0000] "GET /api/customers/vehicleacceptedtilldate/2 HTTP/1.1" 401 12 "-" "PostmanRuntime/7.26.10"
::1 - - [01/Apr/2021:09:26:28 +0000] "GET /api/user/register HTTP/1.1" 404 156 "-" "PostmanRuntime/7.26.10"
::1 - - [01/Apr/2021:09:26:32 +0000] "POST /api/user/register HTTP/1.1" 422 32 "-" "PostmanRuntime/7.26.10"
::1 - - [01/Apr/2021:09:26:49 +0000] "POST /api/user/register HTTP/1.1" 422 33 "-" "PostmanRuntime/7.26.10"
::1 - - [01/Apr/2021:09:27:20 +0000] "POST /api/user/register HTTP/1.1" 422 35 "-" "PostmanRuntime/7.26.10"
::1 - - [01/Apr/2021:09:27:38 +0000] "POST /api/user/register HTTP/1.1" 422 40 "-" "PostmanRuntime/7.26.10"
::1 - - [01/Apr/2021:09:27:59 +0000] "POST /api/user/register HTTP/1.1" 422 45 "-" "PostmanRuntime/7.26.10"
::1 - - [01/Apr/2021:09:28:11 +0000] "POST /api/user/register HTTP/1.1" 422 42 "-" "PostmanRuntime/7.26.10"
::1 - - [01/Apr/2021:09:28:27 +0000] "POST /api/user/register HTTP/1.1" 422 42 "-" "PostmanRuntime/7.26.10"
::1 - - [01/Apr/2021:09:28:41 +0000] "POST /api/user/register HTTP/1.1" 422 31 "-" "PostmanRuntime/7.26.10"
::1 - - [01/Apr/2021:09:28:52 +0000] "POST /api/user/register HTTP/1.1" 400 31 "-" "PostmanRuntime/7.26.10"
::1 - - [01/Apr/2021:09:33:35 +0000] "POST /api/user/register HTTP/1.1" 400 31 "-" "PostmanRuntime/7.26.10"
::1 - - [01/Apr/2021:09:34:06 +0000] "POST /api/user/register HTTP/1.1" 400 31 "-" "PostmanRuntime/7.26.10"
::1 - - [01/Apr/2021:09:34:20 +0000] "POST /api/user/register HTTP/1.1" 400 34 "-" "PostmanRuntime/7.26.10"
::1 - - [01/Apr/2021:09:42:42 +0000] "POST /api/user/register HTTP/1.1" 400 31 "-" "PostmanRuntime/7.26.10"
::1 - - [01/Apr/2021:09:45:08 +0000] "POST /api/user/register HTTP/1.1" 202 143 "-" "PostmanRuntime/7.26.10"
::1 - - [01/Apr/2021:09:46:50 +0000] "POST /api/user/register HTTP/1.1" 202 143 "-" "PostmanRuntime/7.26.10"
::1 - - [01/Apr/2021:10:06:03 +0000] "POST /api/user/login HTTP/1.1" 400 47 "-" "PostmanRuntime/7.26.10"
::1 - - [01/Apr/2021:10:06:24 +0000] "POST /api/user/signup HTTP/1.1" 404 155 "-" "PostmanRuntime/7.26.10"
::1 - - [01/Apr/2021:10:06:40 +0000] "POST /api/user/register HTTP/1.1" 202 143 "-" "PostmanRuntime/7.26.10"
::1 - - [01/Apr/2021:10:07:04 +0000] "POST /api/user/register HTTP/1.1" 202 143 "-" "PostmanRuntime/7.26.10"
::1 - - [01/Apr/2021:10:07:45 +0000] "POST /api/user/login HTTP/1.1" 400 47 "-" "PostmanRuntime/7.26.10"
::1 - - [01/Apr/2021:10:09:14 +0000] "POST /api/user/login HTTP/1.1" 400 47 "-" "PostmanRuntime/7.26.10"
::1 - - [01/Apr/2021:10:09:18 +0000] "POST /api/user/register HTTP/1.1" 202 143 "-" "PostmanRuntime/7.26.10"
::1 - - [01/Apr/2021:10:15:35 +0000] "POST /api/user/login HTTP/1.1" 400 47 "-" "PostmanRuntime/7.26.10"
::1 - - [01/Apr/2021:10:15:49 +0000] "POST /api/user/login HTTP/1.1" 400 47 "-" "PostmanRuntime/7.26.10"
::1 - - [01/Apr/2021:10:15:50 +0000] "POST /api/user/login HTTP/1.1" 400 47 "-" "PostmanRuntime/7.26.10"
::1 - - [01/Apr/2021:10:17:15 +0000] "POST /api/user/login HTTP/1.1" 400 47 "-" "PostmanRuntime/7.26.10"
::ffff:127.0.0.1 - - [01/Apr/2021:10:18:01 +0000] "POST /api/user/login HTTP/1.1" 400 47 "-" "PostmanRuntime/7.26.10"
::1 - - [01/Apr/2021:10:18:09 +0000] "POST /api/user/login HTTP/1.1" 400 47 "-" "PostmanRuntime/7.26.10"
::1 - - [01/Apr/2021:10:18:47 +0000] "POST /api/user/login HTTP/1.1" 400 47 "-" "PostmanRuntime/7.26.10"
::1 - - [01/Apr/2021:10:19:23 +0000] "POST /api/user/login HTTP/1.1" 400 47 "-" "PostmanRuntime/7.26.10"
::1 - - [01/Apr/2021:10:19:50 +0000] "POST /api/user/register HTTP/1.1" 202 143 "-" "PostmanRuntime/7.26.10"
::1 - - [01/Apr/2021:10:20:23 +0000] "POST /api/user/login HTTP/1.1" 202 943 "-" "PostmanRuntime/7.26.10"
::1 - - [01/Apr/2021:10:22:12 +0000] "POST /api/user/vehicleonrent HTTP/1.1" 401 12 "-" "PostmanRuntime/7.26.10"
::1 - - [01/Apr/2021:10:24:02 +0000] "POST /api/user/vehicleonrent HTTP/1.1" 403 9 "-" "PostmanRuntime/7.26.10"
::1 - - [01/Apr/2021:10:38:38 +0000] "POST /api/user/vehicleonrent HTTP/1.1" 500 21 "-" "PostmanRuntime/7.26.10"
::1 - - [01/Apr/2021:10:40:09 +0000] "POST /api/user/vehicleonrent HTTP/1.1" 500 21 "-" "PostmanRuntime/7.26.10"
::1 - - [01/Apr/2021:10:41:05 +0000] "POST /api/user/vehicleonrent HTTP/1.1" 403 9 "-" "PostmanRuntime/7.26.10"
::1 - - [01/Apr/2021:10:43:21 +0000] "POST /api/user/login HTTP/1.1" 202 943 "-" "PostmanRuntime/7.26.10"
::1 - - [01/Apr/2021:10:43:48 +0000] "POST /api/user/vehicleonrent HTTP/1.1" 202 43 "-" "PostmanRuntime/7.26.10"
::1 - - [01/Apr/2021:10:45:55 +0000] "POST /api/user/vehicleonrent HTTP/1.1" 202 43 "-" "PostmanRuntime/7.26.10"
::1 - - [01/Apr/2021:10:46:53 +0000] "POST //api/admin/allavailablevehicles/ HTTP/1.1" 404 172 "-" "PostmanRuntime/7.26.10"
::1 - - [01/Apr/2021:10:46:56 +0000] "GET //api/admin/allavailablevehicles/ HTTP/1.1" 404 171 "-" "PostmanRuntime/7.26.10"
::1 - - [01/Apr/2021:10:47:02 +0000] "GET /api/admin/allavailablevehicles/ HTTP/1.1" 404 170 "-" "PostmanRuntime/7.26.10"
::1 - - [01/Apr/2021:10:47:07 +0000] "GET /api/admin/allavailablevehicles/1 HTTP/1.1" 500 21 "-" "PostmanRuntime/7.26.10"
::1 - - [01/Apr/2021:10:47:35 +0000] "GET /api/customers/searchvehicles/allavailablevehicles/1 HTTP/1.1" 200 258 "-" "PostmanRuntime/7.26.10"
::1 - - [01/Apr/2021:10:52:35 +0000] "GET /api/owner/logout HTTP/1.1" 404 155 "-" "PostmanRuntime/7.26.10"
::1 - - [01/Apr/2021:10:52:48 +0000] "DELETE /api/owner/logout HTTP/1.1" 404 64 "-" "PostmanRuntime/7.26.10"
::1 - - [01/Apr/2021:10:54:25 +0000] "DELETE /api/owner/logout HTTP/1.1" 404 64 "-" "PostmanRuntime/7.26.10"
::1 - - [01/Apr/2021:10:54:34 +0000] "DELETE /api/owner/logout HTTP/1.1" 404 64 "-" "PostmanRuntime/7.26.10"
::1 - - [01/Apr/2021:10:55:38 +0000] "DELETE /api/owner/logout HTTP/1.1" 404 64 "-" "PostmanRuntime/7.26.10"
::1 - - [01/Apr/2021:10:56:56 +0000] "DELETE /api/owner/logout HTTP/1.1" 404 64 "-" "PostmanRuntime/7.26.10"
::ffff:127.0.0.1 - - [01/Apr/2021:10:58:01 +0000] "DELETE /api/owner/logout HTTP/1.1" 404 64 "-" "PostmanRuntime/7.26.10"
::1 - - [01/Apr/2021:10:58:37 +0000] "DELETE /api/owner/logout HTTP/1.1" 404 64 "-" "PostmanRuntime/7.26.10"
::1 - - [01/Apr/2021:10:59:47 +0000] "DELETE /api/owner/logout HTTP/1.1" 404 33 "-" "PostmanRuntime/7.26.10"
::1 - - [01/Apr/2021:11:00:17 +0000] "DELETE /api/owner/logout HTTP/1.1" 404 33 "-" "PostmanRuntime/7.26.10"
::1 - - [01/Apr/2021:11:01:05 +0000] "DELETE /api/owner/logout HTTP/1.1" 202 32 "-" "PostmanRuntime/7.26.10"
::1 - - [01/Apr/2021:11:06:57 +0000] "DELETE /api/owner/login HTTP/1.1" 404 157 "-" "PostmanRuntime/7.26.10"
::1 - - [01/Apr/2021:11:07:01 +0000] "POST /api/owner/login HTTP/1.1" 404 155 "-" "PostmanRuntime/7.26.10"
::1 - - [01/Apr/2021:11:07:24 +0000] "POST /api/user/login HTTP/1.1" 202 943 "-" "PostmanRuntime/7.26.10"
::1 - - [01/Apr/2021:11:16:44 +0000] "POST /api/user/forgotPassword HTTP/1.1" 202 76 "-" "PostmanRuntime/7.26.10"
::1 - - [01/Apr/2021:11:17:06 +0000] "POST /api/user/forgotPassword HTTP/1.1" 202 80 "-" "PostmanRuntime/7.26.10"
::1 - - [01/Apr/2021:11:17:40 +0000] "POST /api/user/forgotPassword HTTP/1.1" 202 82 "-" "PostmanRuntime/7.26.10"
